============================================================
Program for calculation of partial differential equations.  
============================================================
(c) Dr. Thomas Ludwig, TU München.
    Thomas A. Zochler, TU München.
    Andreas C. Schmidt, TU München.
============================================================

Berechnungszeit:    92.686557 s 
Speicherbedarf:     117.775276 MiB
Berechnungsmethode: Gauss-Seidel
Interlines:         490
Stoerfunktion:      f(x,y) = 2pi^2*sin(pi*x)sin(pi*y)
Terminierung:       Anzahl der Iterationen
Anzahl Iterationen: 1500
Norm des Fehlers:   6.390577e-07

Matrix:
 0.0000 0.0000 0.0000 0.0000 0.0000 0.0000 0.0000 0.0000 0.0000
 0.0000 0.0001 0.0003 0.0003 0.0004 0.0003 0.0003 0.0001 0.0000
 0.0000 0.0003 0.0005 0.0006 0.0007 0.0006 0.0005 0.0003 0.0000
 0.0000 0.0003 0.0006 0.0008 0.0009 0.0008 0.0006 0.0003 0.0000
 0.0000 0.0004 0.0007 0.0009 0.0010 0.0009 0.0007 0.0004 0.0000
 0.0000 0.0003 0.0006 0.0008 0.0009 0.0008 0.0006 0.0003 0.0000
 0.0000 0.0003 0.0005 0.0006 0.0007 0.0006 0.0005 0.0003 0.0000
 0.0000 0.0001 0.0003 0.0003 0.0004 0.0003 0.0003 0.0001 0.0000
 0.0000 0.0000 0.0000 0.0000 0.0000 0.0000 0.0000 0.0000 0.0000
============================================================
Program for calculation of partial differential equations.  
============================================================
(c) Dr. Thomas Ludwig, TU München.
    Thomas A. Zochler, TU München.
    Andreas C. Schmidt, TU München.
============================================================

Berechnungszeit:    92.124641 s 
Speicherbedarf:     117.775276 MiB
Berechnungsmethode: Gauss-Seidel
Interlines:         490
Stoerfunktion:      f(x,y) = 2pi^2*sin(pi*x)sin(pi*y)
Terminierung:       Anzahl der Iterationen
Anzahl Iterationen: 1500
Norm des Fehlers:   6.390577e-07

Matrix:
 0.0000 0.0000 0.0000 0.0000 0.0000 0.0000 0.0000 0.0000 0.0000
 0.0000 0.0001 0.0003 0.0003 0.0004 0.0003 0.0003 0.0001 0.0000
 0.0000 0.0003 0.0005 0.0006 0.0007 0.0006 0.0005 0.0003 0.0000
 0.0000 0.0003 0.0006 0.0008 0.0009 0.0008 0.0006 0.0003 0.0000
 0.0000 0.0004 0.0007 0.0009 0.0010 0.0009 0.0007 0.0004 0.0000
 0.0000 0.0003 0.0006 0.0008 0.0009 0.0008 0.0006 0.0003 0.0000
 0.0000 0.0003 0.0005 0.0006 0.0007 0.0006 0.0005 0.0003 0.0000
 0.0000 0.0001 0.0003 0.0003 0.0004 0.0003 0.0003 0.0001 0.0000
 0.0000 0.0000 0.0000 0.0000 0.0000 0.0000 0.0000 0.0000 0.0000
============================================================
Program for calculation of partial differential equations.  
============================================================
(c) Dr. Thomas Ludwig, TU München.
    Thomas A. Zochler, TU München.
    Andreas C. Schmidt, TU München.
============================================================

Berechnungszeit:    92.948124 s 
Speicherbedarf:     117.775276 MiB
Berechnungsmethode: Gauss-Seidel
Interlines:         490
Stoerfunktion:      f(x,y) = 2pi^2*sin(pi*x)sin(pi*y)
Terminierung:       Anzahl der Iterationen
Anzahl Iterationen: 1500
Norm des Fehlers:   6.390577e-07

Matrix:
 0.0000 0.0000 0.0000 0.0000 0.0000 0.0000 0.0000 0.0000 0.0000
 0.0000 0.0001 0.0003 0.0003 0.0004 0.0003 0.0003 0.0001 0.0000
 0.0000 0.0003 0.0005 0.0006 0.0007 0.0006 0.0005 0.0003 0.0000
 0.0000 0.0003 0.0006 0.0008 0.0009 0.0008 0.0006 0.0003 0.0000
 0.0000 0.0004 0.0007 0.0009 0.0010 0.0009 0.0007 0.0004 0.0000
 0.0000 0.0003 0.0006 0.0008 0.0009 0.0008 0.0006 0.0003 0.0000
 0.0000 0.0003 0.0005 0.0006 0.0007 0.0006 0.0005 0.0003 0.0000
 0.0000 0.0001 0.0003 0.0003 0.0004 0.0003 0.0003 0.0001 0.0000
 0.0000 0.0000 0.0000 0.0000 0.0000 0.0000 0.0000 0.0000 0.0000
