============================================================
Program for calculation of partial differential equations.  
============================================================
(c) Dr. Thomas Ludwig, TU München.
    Thomas A. Zochler, TU München.
    Andreas C. Schmidt, TU München.
============================================================

Berechnungszeit:    227.760378 s 
Speicherbedarf:     64.563736 MiB
Berechnungsmethode: Jacobi
Interlines:         256
Stoerfunktion:      f(x,y) = 2pi^2*sin(pi*x)sin(pi*y)
Terminierung:       Anzahl der Iterationen
Anzahl Iterationen: 17140
Norm des Fehlers:   1.144285e-06

Matrix:
 0.0000 0.0000 0.0000 0.0000 0.0000 0.0000 0.0000 0.0000 0.0000
 0.0000 0.0029 0.0054 0.0070 0.0076 0.0070 0.0054 0.0029 0.0000
 0.0000 0.0054 0.0099 0.0129 0.0140 0.0129 0.0099 0.0054 0.0000
 0.0000 0.0070 0.0129 0.0169 0.0183 0.0169 0.0129 0.0070 0.0000
 0.0000 0.0076 0.0140 0.0183 0.0198 0.0183 0.0140 0.0076 0.0000
 0.0000 0.0070 0.0129 0.0169 0.0183 0.0169 0.0129 0.0070 0.0000
 0.0000 0.0054 0.0099 0.0129 0.0140 0.0129 0.0099 0.0054 0.0000
 0.0000 0.0029 0.0054 0.0070 0.0076 0.0070 0.0054 0.0029 0.0000
 0.0000 0.0000 0.0000 0.0000 0.0000 0.0000 0.0000 0.0000 0.0000
